#-----------------------------------------------------------
# Vivado v2020.2 (64-bit)
# SW Build 3064766 on Wed Nov 18 09:12:45 MST 2020
# IP Build 3064653 on Wed Nov 18 14:17:31 MST 2020
# Start of session at: Fri Mar 19 11:44:30 2021
# Process ID: 13900
# Current directory: E:/class/Master of ANU/6213_Digital Systems and Microprocessors/my_6213/lab3/single_seven_segment_display
# Command line: vivado.exe -gui_launcher_event rodinguilauncherevent15040 E:\class\Master of ANU\6213_Digital Systems and Microprocessors\my_6213\lab3\single_seven_segment_display\single_seven_segment_display.xpr
# Log file: E:/class/Master of ANU/6213_Digital Systems and Microprocessors/my_6213/lab3/single_seven_segment_display/vivado.log
# Journal file: E:/class/Master of ANU/6213_Digital Systems and Microprocessors/my_6213/lab3/single_seven_segment_display\vivado.jou
#-----------------------------------------------------------
start_gui
open_project {E:/class/Master of ANU/6213_Digital Systems and Microprocessors/my_6213/lab3/single_seven_segment_display/single_seven_segment_display.xpr}
INFO: [ProjectBase 1-489] The host OS only allows 260 characters in a normal path. The project is stored in a path with more than 80 characters. If you experience issues with IP, Block Designs, or files not being found, please consider moving the project to a location with a shorter path. Alternately consider using the OS subst command to map part of the path to a drive letter.
Current project path is 'E:/class/Master of ANU/6213_Digital Systems and Microprocessors/my_6213/lab3/single_seven_segment_display'
WARNING: [filemgmt 56-3] Default IP Output Path : Could not find the directory 'E:/class/Master of ANU/6213_Digital Systems and Microprocessors/my_6213/lab3/single_seven_segment_display/single_seven_segment_display.gen/sources_1'.
Scanning sources...
Finished scanning sources
INFO: [IP_Flow 19-234] Refreshing IP repositories
INFO: [IP_Flow 19-1704] No user IP repositories specified
INFO: [IP_Flow 19-2313] Loaded Vivado IP repository 'D:/Xilinx/Vivado/2020.2/data/ip'.
open_project: Time (s): cpu = 00:00:16 ; elapsed = 00:00:06 . Memory (MB): peak = 1018.203 ; gain = 0.000
update_compile_order -fileset sources_1
launch_simulation
Command: launch_simulation 
INFO: [Vivado 12-5682] Launching behavioral simulation in 'E:/class/Master of ANU/6213_Digital Systems and Microprocessors/my_6213/lab3/single_seven_segment_display/single_seven_segment_display.sim/sim_1/behav/xsim'
INFO: [SIM-utils-51] Simulation object is 'sim_1'
INFO: [SIM-utils-54] Inspecting design source files for 'TEST_heartbeat' in fileset 'sim_1'...
INFO: [USF-XSim-97] Finding global include files...
INFO: [USF-XSim-98] Fetching design files from 'sim_1'...
INFO: [USF-XSim-2] XSim::Compile design
INFO: [USF-XSim-61] Executing 'COMPILE and ANALYZE' step in 'E:/class/Master of ANU/6213_Digital Systems and Microprocessors/my_6213/lab3/single_seven_segment_display/single_seven_segment_display.sim/sim_1/behav/xsim'
"xvlog --incr --relax -prj TEST_heartbeat_vlog.prj"
INFO: [USF-XSim-69] 'compile' step finished in '2' seconds
INFO: [USF-XSim-3] XSim::Elaborate design
INFO: [USF-XSim-61] Executing 'ELABORATE' step in 'E:/class/Master of ANU/6213_Digital Systems and Microprocessors/my_6213/lab3/single_seven_segment_display/single_seven_segment_display.sim/sim_1/behav/xsim'
"xelab -wto 8f672289c41d48ba8e1091456cc84357 --incr --debug typical --relax --mt 2 -L xil_defaultlib -L unisims_ver -L unimacro_ver -L secureip --snapshot TEST_heartbeat_behav xil_defaultlib.TEST_heartbeat xil_defaultlib.glbl -log elaborate.log"
Vivado Simulator 2020.2
Copyright 1986-1999, 2001-2020 Xilinx, Inc. All Rights Reserved.
Running: D:/Xilinx/Vivado/2020.2/bin/unwrapped/win64.o/xelab.exe -wto 8f672289c41d48ba8e1091456cc84357 --incr --debug typical --relax --mt 2 -L xil_defaultlib -L unisims_ver -L unimacro_ver -L secureip --snapshot TEST_heartbeat_behav xil_defaultlib.TEST_heartbeat xil_defaultlib.glbl -log elaborate.log 
Using 2 slave threads.
Starting static elaboration
Pass Through NonSizing Optimizer
Completed static elaboration
INFO: [XSIM 43-4323] No Change in HDL. Linking previously generated obj files to create kernel
INFO: [USF-XSim-69] 'elaborate' step finished in '2' seconds
INFO: [USF-XSim-4] XSim::Simulate design
INFO: [USF-XSim-61] Executing 'SIMULATE' step in 'E:/class/Master of ANU/6213_Digital Systems and Microprocessors/my_6213/lab3/single_seven_segment_display/single_seven_segment_display.sim/sim_1/behav/xsim'
INFO: [USF-XSim-98] *** Running xsim
   with args "TEST_heartbeat_behav -key {Behavioral:sim_1:Functional:TEST_heartbeat} -tclbatch {TEST_heartbeat.tcl} -log {simulate.log}"
INFO: [USF-XSim-8] Loading simulator feature
Vivado Simulator 2020.2
Time resolution is 1 ps
source TEST_heartbeat.tcl
# set curr_wave [current_wave_config]
# if { [string length $curr_wave] == 0 } {
#   if { [llength [get_objects]] > 0} {
#     add_wave /
#     set_property needs_save false [current_wave_config]
#   } else {
#      send_msg_id Add_Wave-1 WARNING "No top level signals found. Simulator will start without a wave window. If you want to open a wave window go to 'File->New Waveform Configuration' or type 'create_wave_config' in the TCL console."
#   }
# }
# run 1000ns
INFO: [USF-XSim-96] XSim completed. Design snapshot 'TEST_heartbeat_behav' loaded.
INFO: [USF-XSim-97] XSim simulation ran for 1000ns
launch_simulation: Time (s): cpu = 00:00:14 ; elapsed = 00:00:10 . Memory (MB): peak = 1018.203 ; gain = 0.000
close_sim
INFO: [Simtcl 6-16] Simulation closed
exit
INFO: [Common 17-206] Exiting Vivado at Fri Mar 19 11:46:05 2021...
